{"/Users/rodrigodarosa/Trybe/Aulas/Turma-22-B/sd-022-b-live-lectures/script.js": {"path":"/Users/rodrigodarosa/Trybe/Aulas/Turma-22-B/sd-022-b-live-lectures/script.js","statementMap":{"0":{"start":{"line":2,"column":2},"end":{"line":2,"column":15}},"1":{"start":{"line":15,"column":20},"end":{"line":26,"column":1}},"2":{"start":{"line":16,"column":2},"end":{"line":18,"column":3}},"3":{"start":{"line":17,"column":4},"end":{"line":17,"column":66}},"4":{"start":{"line":20,"column":18},"end":{"line":20,"column":19}},"5":{"start":{"line":22,"column":2},"end":{"line":24,"column":3}},"6":{"start":{"line":22,"column":19},"end":{"line":22,"column":20}},"7":{"start":{"line":23,"column":4},"end":{"line":23,"column":23}},"8":{"start":{"line":25,"column":2},"end":{"line":25,"column":19}},"9":{"start":{"line":28,"column":0},"end":{"line":28,"column":38}}},"fnMap":{"0":{"name":"sum","decl":{"start":{"line":1,"column":9},"end":{"line":1,"column":12}},"loc":{"start":{"line":1,"column":19},"end":{"line":3,"column":1}},"line":1},"1":{"name":"(anonymous_1)","decl":{"start":{"line":15,"column":20},"end":{"line":15,"column":21}},"loc":{"start":{"line":15,"column":32},"end":{"line":26,"column":1}},"line":15}},"branchMap":{"0":{"loc":{"start":{"line":16,"column":2},"end":{"line":18,"column":3}},"type":"if","locations":[{"start":{"line":16,"column":2},"end":{"line":18,"column":3}},{"start":{},"end":{}}],"line":16}},"s":{"0":5,"1":1,"2":4,"3":1,"4":3,"5":3,"6":3,"7":9,"8":3,"9":1},"f":{"0":5,"1":4},"b":{"0":[1,3]},"_coverageSchema":"1a1c01bbd47fc00a2c39e90264f33305004495a9","hash":"89e2b394cd9f6ef294e9d4125598cbd2679b2cf4"}
}
