{"/Users/rodrigodarosa/Trybe/Aulas/Turma-22-B/sd-022-b-live-lectures/script.js": {"path":"/Users/rodrigodarosa/Trybe/Aulas/Turma-22-B/sd-022-b-live-lectures/script.js","statementMap":{"0":{"start":{"line":2,"column":2},"end":{"line":2,"column":15}},"1":{"start":{"line":15,"column":20},"end":{"line":21,"column":1}},"2":{"start":{"line":16,"column":18},"end":{"line":16,"column":19}},"3":{"start":{"line":18,"column":2},"end":{"line":20,"column":3}},"4":{"start":{"line":18,"column":19},"end":{"line":18,"column":20}},"5":{"start":{"line":19,"column":4},"end":{"line":19,"column":23}},"6":{"start":{"line":23,"column":0},"end":{"line":23,"column":38}}},"fnMap":{"0":{"name":"sum","decl":{"start":{"line":1,"column":9},"end":{"line":1,"column":12}},"loc":{"start":{"line":1,"column":19},"end":{"line":3,"column":1}},"line":1},"1":{"name":"(anonymous_1)","decl":{"start":{"line":15,"column":20},"end":{"line":15,"column":21}},"loc":{"start":{"line":15,"column":32},"end":{"line":21,"column":1}},"line":15}},"branchMap":{},"s":{"0":5,"1":1,"2":3,"3":3,"4":3,"5":9,"6":1},"f":{"0":5,"1":3},"b":{},"_coverageSchema":"1a1c01bbd47fc00a2c39e90264f33305004495a9","hash":"764ffc99eb39d3ac9bc1422b15124af55c35136a"}
}
